make all --print-data-base --no-builtin-variables --no-builtin-rules --question
# GNU Make 3.81
# Copyright (C) 2006  Free Software Foundation, Inc.
# This is free software; see the source for copying conditions.
# There is NO warranty; not even for MERCHANTABILITY or FITNESS FOR A
# PARTICULAR PURPOSE.

# This program built for i386-apple-darwin11.3.0
 

# Make data base, printed on Wed Feb 22 20:36:39 2023

# Variables

# automatic
<D = $(patsubst %/,%,$(dir $<))
# automatic
?F = $(notdir $?)
# makefile (from `Makefile', line 10)
OBJ = $(SRC:.c=.o)
# makefile (from `Makefile', line 7)
SRC = push_rules.c push_rules_bis.c ft_create_node.c ft_list_at.c ft_list_last.c ft_list_size.c push_swap.c push_swap_utils.c linked_lists_utils.c errors_handling.c low_arg_handle.c
# automatic
?D = $(patsubst %/,%,$(dir $?))
# automatic
@D = $(patsubst %/,%,$(dir $@))
# automatic
@F = $(notdir $@)
# makefile
CURDIR := /Users/mzoheir/Desktop/Push_Swap
# makefile
SHELL = /bin/sh
# makefile (from `Makefile', line 4)
RM = rm -rf
# environment
VSCODE_NLS_CONFIG = {"locale":"en-us","availableLanguages":{},"_languagePackSupport":true}
# environment
_ = /usr/bin/make
# makefile (from `Makefile', line 3)
CFLAGS = -Wall -Wextra -Werror
# makefile (from `Makefile', line 1)
MAKEFILE_LIST :=  Makefile
# environment
VSCODE_CWD = /
# environment
PATH = /Users/mzoheir/.brew/bin:/usr/local/bin:/usr/bin:/bin:/usr/sbin:/sbin:/usr/local/munki
# environment
LSCOLORS = Gxfxcxdxbxegedabagacad
# environment
LaunchInstanceID = 76CF12ED-6964-4811-A7D0-DD09EFEC36DD
# environment
ELECTRON_RUN_AS_NODE = 1
# default
.FEATURES := target-specific order-only second-expansion else-if archives jobserver check-symlink
# environment
SSH_AUTH_SOCK = /private/tmp/com.apple.launchd.J3EBuYefg1/Listeners
# automatic
%F = $(notdir $%)
# environment
HOMEBREW_TEMP = /tmp/mzoheir/Homebrew/Temp
# environment
PWD = /Users/mzoheir/Desktop/Push_Swap
# environment
ORIGINAL_XDG_CURRENT_DESKTOP = undefined
# environment
VSCODE_AMD_ENTRYPOINT = vs/workbench/api/node/extensionHostProcess
# environment
HOME = /Users/mzoheir
# default
MAKEFILEPATH := /Applications/Xcode.app/Contents/Developer/Makefiles
# environment
VSCODE_CODE_CACHE_PATH = /Users/mzoheir/Library/Application Support/Code/CachedData/6261075646f055b99068d3688932416f2346dd3b
# environment
LOGNAME = mzoheir
# environment
APPLICATION_INSIGHTS_NO_DIAGNOSTIC_CHANNEL = 1
# environment
ZSH = /Users/mzoheir/.oh-my-zsh
# environment
VSCODE_HANDLES_UNCAUGHT_ERRORS = true
# automatic
^D = $(patsubst %/,%,$(dir $^))
# environment
XPC_FLAGS = 0x0
# default
MAKE = $(MAKE_COMMAND)
# default
MAKECMDGOALS := all
# environment
HOMEBREW_CACHE = /tmp/mzoheir/Homebrew/Caches
# environment
SHLVL = 1
# makefile (from `Makefile', line 6)
CC = cc
# default
MAKE_VERSION := 3.81
# environment
USER = mzoheir
# makefile
.DEFAULT_GOAL := all
# makefile (from `Makefile', line 2)
NAME = push_swap
# environment
LESS = -R
# automatic
%D = $(patsubst %/,%,$(dir $%))
# default
MAKE_COMMAND := /Applications/Xcode.app/Contents/Developer/usr/bin/make
# default
.VARIABLES := 
# environment
TMPDIR = /var/folders/zz/zyxvpxvq6csfxvn_n000cbjc0032wb/T/
# automatic
*F = $(notdir $*)
# environment
VSCODE_IPC_HOOK = /Users/mzoheir/Library/Application Support/Code/1.73.1-main.sock
# environment
MallocNanoZone = 0
# makefile
MAKEFLAGS = Rrqp
# environment
MFLAGS = -Rrqp
# automatic
*D = $(patsubst %/,%,$(dir $*))
# environment
XPC_SERVICE_NAME = com.apple.xpc.launchd.oneshot.0x10000001.Electron
# automatic
+D = $(patsubst %/,%,$(dir $+))
# makefile (from `Makefile', line 5)
LIBFT_A = libft/libft.a
# automatic
+F = $(notdir $+)
# environment
__CF_USER_TEXT_ENCODING = 0x18B8B:0x0:0x0
# environment
COMMAND_MODE = unix2003
# default
MAKEFILES := 
# automatic
<F = $(notdir $<)
# environment
PAGER = less
# environment
LC_ALL = C
# environment
SECURITYSESSIONID = 186a7
# automatic
^F = $(notdir $^)
# default
SUFFIXES := 
# default
.INCLUDE_DIRS = /usr/local/include
# environment
MAKELEVEL := 0
# environment
LANG = C
# environment
VSCODE_PID = 4927
# variable set hash-table stats:
# Load=72/1024=7%, Rehash=0, Collisions=3/104=3%

# Pattern-specific Variable Values

# No pattern-specific variable values.

# Directories

# . (device 16777225, inode 1829016): 35 files, no impossibilities.

# 35 files, no impossibilities in 1 directories.

# Implicit Rules

%.o: %.c
#  commands to execute (from `Makefile', line 20):
	@$(CC) $(CFLAGS) -c $< -o $@
	

# 1 implicit rules, 0 (0.0%) terminal.

# Files

ft_list_at.o: ft_list_at.c
#  Implicit rule search has been done.
#  Implicit/static pattern stem: `ft_list_at'
#  Last modified 2023-02-22 20:35:46
#  File has been updated.
#  Successfully updated.
# variable set hash-table stats:
# Load=0/32=0%, Rehash=0, Collisions=0/0=0%
#  commands to execute (from `Makefile', line 20):
	@$(CC) $(CFLAGS) -c $< -o $@
	

# Not a target:
errors_handling.c:
#  Implicit rule search has been done.
#  Last modified 2023-02-22 17:04:59
#  File has been updated.
#  Successfully updated.
# variable set hash-table stats:
# Load=0/32=0%, Rehash=0, Collisions=0/0=0%

# Not a target:
push_swap.c:
#  Implicit rule search has been done.
#  Last modified 2023-02-22 20:35:45
#  File has been updated.
#  Successfully updated.
# variable set hash-table stats:
# Load=0/32=0%, Rehash=0, Collisions=0/0=0%

ft_list_last.o: ft_list_last.c
#  Implicit rule search has been done.
#  Implicit/static pattern stem: `ft_list_last'
#  Last modified 2023-02-22 20:35:46
#  File has been updated.
#  Successfully updated.
# variable set hash-table stats:
# Load=0/32=0%, Rehash=0, Collisions=0/0=0%
#  commands to execute (from `Makefile', line 20):
	@$(CC) $(CFLAGS) -c $< -o $@
	

all: push_swap
#  Phony target (prerequisite of .PHONY).
#  Command-line target.
#  Implicit rule search has not been done.
#  File does not exist.
#  File has been updated.
#  Needs to be updated (-q is set).
# variable set hash-table stats:
# Load=0/32=0%, Rehash=0, Collisions=0/4=0%

.PHONY: all clean fclean re
#  Implicit rule search has not been done.
#  Modification time never checked.
#  File has not been updated.

# Not a target:
low_arg_handle.c:
#  Implicit rule search has been done.
#  Last modified 2023-02-22 20:35:24
#  File has been updated.
#  Successfully updated.
# variable set hash-table stats:
# Load=0/32=0%, Rehash=0, Collisions=0/0=0%

linked_lists_utils.o: linked_lists_utils.c
#  Implicit rule search has been done.
#  Implicit/static pattern stem: `linked_lists_utils'
#  Last modified 2023-02-22 20:35:46
#  File has been updated.
#  Successfully updated.
# variable set hash-table stats:
# Load=0/32=0%, Rehash=0, Collisions=0/0=0%
#  commands to execute (from `Makefile', line 20):
	@$(CC) $(CFLAGS) -c $< -o $@
	

# Not a target:
.SUFFIXES:
#  Implicit rule search has not been done.
#  Modification time never checked.
#  File has not been updated.

# Not a target:
Makefile:
#  Implicit rule search has been done.
#  Last modified 2023-02-22 20:36:16
#  File has been updated.
#  Successfully updated.
# variable set hash-table stats:
# Load=0/32=0%, Rehash=0, Collisions=0/0=0%

push_swap_utils.o: push_swap_utils.c
#  Implicit rule search has been done.
#  Implicit/static pattern stem: `push_swap_utils'
#  Last modified 2023-02-22 20:35:46
#  File has been updated.
#  Successfully updated.
# variable set hash-table stats:
# Load=0/32=0%, Rehash=0, Collisions=0/0=0%
#  commands to execute (from `Makefile', line 20):
	@$(CC) $(CFLAGS) -c $< -o $@
	

# Not a target:
ft_list_at.c:
#  Implicit rule search has been done.
#  Last modified 2023-02-02 17:51:59
#  File has been updated.
#  Successfully updated.
# variable set hash-table stats:
# Load=0/32=0%, Rehash=0, Collisions=0/0=0%

push_rules.o: push_rules.c
#  Implicit rule search has been done.
#  Implicit/static pattern stem: `push_rules'
#  Last modified 2023-02-22 20:35:45
#  File has been updated.
#  Successfully updated.
# variable set hash-table stats:
# Load=0/32=0%, Rehash=0, Collisions=0/0=0%
#  commands to execute (from `Makefile', line 20):
	@$(CC) $(CFLAGS) -c $< -o $@
	

ft_list_size.o: ft_list_size.c
#  Implicit rule search has been done.
#  Implicit/static pattern stem: `ft_list_size'
#  Last modified 2023-02-22 20:35:46
#  File has been updated.
#  Successfully updated.
# variable set hash-table stats:
# Load=0/32=0%, Rehash=0, Collisions=0/0=0%
#  commands to execute (from `Makefile', line 20):
	@$(CC) $(CFLAGS) -c $< -o $@
	

# Not a target:
ft_list_last.c:
#  Implicit rule search has been done.
 
#  Last modified 2023-02-07 17:24:08
#  File has been updated.
#  Successfully updated.
# variable set hash-table stats:
# Load=0/32=0%, Rehash=0, Collisions=0/0=0%

fclean: clean
#  Phony target (prerequisite of .PHONY).
#  Implicit rule search has not been done.
#  File does not exist.
#  File has not been updated.
#  commands to execute (from `Makefile', line 26):
	@$(RM) $(NAME) libft/*.o
	@echo ---program cleared---
	@echo ---objects cleared---
	

# Not a target:
linked_lists_utils.c:
#  Implicit rule search has been done.
#  Last modified 2023-02-22 18:32:58
#  File has been updated.
#  Successfully updated.
# variable set hash-table stats:
# Load=0/32=0%, Rehash=0, Collisions=0/0=0%

push_rules_bis.o: push_rules_bis.c
#  Implicit rule search has been done.
#  Implicit/static pattern stem: `push_rules_bis'
#  Last modified 2023-02-22 20:35:46
#  File has been updated.
#  Successfully updated.
# variable set hash-table stats:
# Load=0/32=0%, Rehash=0, Collisions=0/0=0%
#  commands to execute (from `Makefile', line 20):
	@$(CC) $(CFLAGS) -c $< -o $@
	

ft_create_node.o: ft_create_node.c
#  Implicit rule search has been done.
#  Implicit/static pattern stem: `ft_create_node'
#  Last modified 2023-02-22 20:35:46
#  File has been updated.
#  Successfully updated.
# variable set hash-table stats:
# Load=0/32=0%, Rehash=0, Collisions=0/0=0%
#  commands to execute (from `Makefile', line 20):
	@$(CC) $(CFLAGS) -c $< -o $@
	

# Not a target:
.DEFAULT:
#  Implicit rule search has not been done.
#  Modification time never checked.
#  File has not been updated.

re: fclean all
#  Phony target (prerequisite of .PHONY).
#  Implicit rule search has not been done.
#  File does not exist.
#  File has not been updated.

clean:
#  Phony target (prerequisite of .PHONY).
#  Implicit rule search has not been done.
#  File does not exist.
#  File has not been updated.
#  commands to execute (from `Makefile', line 23):
	@$(RM) $(OBJ) 
	

errors_handling.o: errors_handling.c
#  Implicit rule search has been done.
#  Implicit/static pattern stem: `errors_handling'
#  Last modified 2023-02-22 20:35:46
#  File has been updated.
#  Successfully updated.
# variable set hash-table stats:
# Load=0/32=0%, Rehash=0, Collisions=0/0=0%
#  commands to execute (from `Makefile', line 20):
	@$(CC) $(CFLAGS) -c $< -o $@
	

# Not a target:
push_swap_utils.c:
#  Implicit rule search has been done.
#  Last modified 2023-02-15 22:32:54
#  File has been updated.
#  Successfully updated.
# variable set hash-table stats:
# Load=0/32=0%, Rehash=0, Collisions=0/0=0%

push_swap.o: push_swap.c
#  Implicit rule search has been done.
#  Implicit/static pattern stem: `push_swap'
#  Last modified 2023-02-22 20:35:46
#  File has been updated.
#  Successfully updated.
# variable set hash-table stats:
# Load=0/32=0%, Rehash=0, Collisions=0/0=0%
#  commands to execute (from `Makefile', line 20):
	@$(CC) $(CFLAGS) -c $< -o $@
	

push_swap: push_rules.o push_rules_bis.o ft_create_node.o ft_list_at.o ft_list_last.o ft_list_size.o push_swap.o push_swap_utils.o linked_lists_utils.o errors_handling.o low_arg_handle.o
#  Implicit rule search has not been done.
#  File does not exist.
#  File has been updated.
#  Needs to be updated (-q is set).
# variable set hash-table stats:
# Load=0/32=0%, Rehash=0, Collisions=0/4=0%
#  commands to execute (from `Makefile', line 15):
	@make -C Libft
	@$(CC) $(OBJ) $(LIBFT_A) -o $(NAME)
	@echo ---program linked---
	

# Not a target:
ft_list_size.c:
#  Implicit rule search has been done.
#  Last modified 2023-02-02 17:52:36
#  File has been updated.
#  Successfully updated.
# variable set hash-table stats:
# Load=0/32=0%, Rehash=0, Collisions=0/0=0%

# Not a target:
push_rules.c:
#  Implicit rule search has been done.
#  Last modified 2023-02-22 13:53:24
#  File has been updated.
#  Successfully updated.
# variable set hash-table stats:
# Load=0/32=0%, Rehash=0, Collisions=0/0=0%

low_arg_handle.o: low_arg_handle.c
#  Implicit rule search has been done.
#  Implicit/static pattern stem: `low_arg_handle'
#  File does not exist.
#  File has been updated.
#  Needs to be updated (-q is set).
# automatic
# @ := low_arg_handle.o
# automatic
# % := 
# automatic
# * := low_arg_handle
# automatic
# + := low_arg_handle.c
# automatic
# | := 
# automatic
# < := low_arg_handle.c
# automatic
# ^ := low_arg_handle.c
# automatic
# ? := low_arg_handle.c
# variable set hash-table stats:
# Load=8/32=25%, Rehash=0, Collisions=1/14=7%
#  commands to execute (from `Makefile', line 20):
	@$(CC) $(CFLAGS) -c $< -o $@
	

# Not a target:
push_rules_bis.c:
#  Implicit rule search has been done.
#  Last modified 2023-02-22 19:10:28
#  File has been updated.
#  Successfully updated.
# variable set hash-table stats:
# Load=0/32=0%, Rehash=0, Collisions=0/0=0%

# Not a target:
ft_create_node.c:
#  Implicit rule search has been done.
#  Last modified 2023-02-16 19:02:39
#  File has been updated.
#  Successfully updated.
# variable set hash-table stats:
# Load=0/32=0%, Rehash=0, Collisions=0/0=0%

# files hash-table stats:
# Load=31/1024=3%, Rehash=0, Collisions=3/96=3%
# VPATH Search Paths

# No `vpath' search paths.

# No general (`VPATH' variable) search path.

# # of strings in strcache: 1
# # of strcache buffers: 1
# strcache size: total = 4096 / max = 4096 / min = 4096 / avg = 4096
# strcache free: total = 4087 / max = 4087 / min = 4087 / avg = 4087

# Finished Make data base on Wed Feb 22 20:36:39 2023

 
